<!DOCTYPE html>
<html>
<head>
<meta http-equiv="Content-Type" content="text/html; charset=utf-8"/>
<meta http-equiv="x-ua-compatible" content="IE=edge"/>
<title>Test results - Class SamsungGalaxyJ1miniPrime.S_TotalRegress</title>
<link href="../css/base-style.css" rel="stylesheet" type="text/css"/>
<link href="../css/style.css" rel="stylesheet" type="text/css"/>
<script src="../js/report.js" type="text/javascript"></script>
</head>
<body>
<div id="content">
<h1>Class SamsungGalaxyJ1miniPrime.S_TotalRegress</h1>
<div class="breadcrumbs">
<a href="../index.html">all</a> &gt; 
<a href="../packages/SamsungGalaxyJ1miniPrime.html">SamsungGalaxyJ1miniPrime</a> &gt; S_TotalRegress</div>
<div id="summary">
<table>
<tr>
<td>
<div class="summaryGroup">
<table>
<tr>
<td>
<div class="infoBox" id="tests">
<div class="counter">9</div>
<p>tests</p>
</div>
</td>
<td>
<div class="infoBox" id="failures">
<div class="counter">2</div>
<p>failures</p>
</div>
</td>
<td>
<div class="infoBox" id="ignored">
<div class="counter">0</div>
<p>ignored</p>
</div>
</td>
<td>
<div class="infoBox" id="duration">
<div class="counter">41m13.81s</div>
<p>duration</p>
</div>
</td>
</tr>
</table>
</div>
</td>
<td>
<div class="infoBox failures" id="successRate">
<div class="percent">77%</div>
<p>successful</p>
</div>
</td>
</tr>
</table>
</div>
<div id="tabs">
<ul class="tabLinks">
<li>
<a href="#tab0">Failed tests</a>
</li>
<li>
<a href="#tab1">Tests</a>
</li>
<li>
<a href="#tab2">Standard output</a>
</li>
<li>
<a href="#tab3">Standard error</a>
</li>
</ul>
<div id="tab0" class="tab">
<h2>Failed tests</h2>
<div class="test">
<a name="Test007"></a>
<h3 class="failures">Test007</h3>
<span class="code">
<pre>org.openqa.selenium.WebDriverException: unknown error: Element is not clickable at point (211, 307). Other element would receive the click: &lt;img src=&quot;favorites-empty.png?bf99481280f7866d570934abdbe5b36c&quot;&gt;
  (Session info: content shell=)
  (Driver info: chromedriver=2.20.366854 (5ec7646c06c3266f27ae291db023e006190cc1cc),platform=Windows NT 10.0 x86_64) (WARNING: The server did not provide any stacktrace information)
Command duration or timeout: 247 milliseconds
Build info: version: '2.53.1', revision: 'a36b8b1cd5757287168e54b817830adce9b0158d', time: '2016-06-30 19:26:09'
System info: host: 'SV-IT-5', ip: '192.168.2.110', os.name: 'Windows 10', os.arch: 'amd64', os.version: '10.0', java.version: '1.8.0_201'
Driver info: io.appium.java_client.android.AndroidDriver
Capabilities [{appPackage=com.savetime, app=C:\Automation\apks\client-12-apr.apk, deviceScreenSize=480x800, networkConnectionEnabled=true, warnings={}, databaseEnabled=false, deviceName=32010f78a810444a, platform=LINUX, deviceUDID=32010f78a810444a, appActivity=com.savetime.MainActivity, desired={appPackage=com.savetime, appActivity=com.savetime.MainActivity, app=C:\Automation\apks\client-12-apr.apk, platformVersion=6.0.1, automationName=Appium, autoGrantPermissions=true, platformName=Android, deviceName=32010f78a810444a}, platformVersion=6.0.1, webStorageEnabled=false, locationContextEnabled=false, automationName=Appium, takesScreenshot=true, autoGrantPermissions=true, javascriptEnabled=true, deviceModel=SM-J106F, platformName=Android, deviceManufacturer=samsung}]
Session ID: 00900c8e-aac4-4a7c-bc23-28f04443176f
	at sun.reflect.NativeConstructorAccessorImpl.newInstance0(Native Method)
	at sun.reflect.NativeConstructorAccessorImpl.newInstance(NativeConstructorAccessorImpl.java:62)
	at sun.reflect.DelegatingConstructorAccessorImpl.newInstance(DelegatingConstructorAccessorImpl.java:45)
	at java.lang.reflect.Constructor.newInstance(Constructor.java:423)
	at org.openqa.selenium.remote.ErrorHandler.createThrowable(ErrorHandler.java:206)
	at org.openqa.selenium.remote.ErrorHandler.throwIfResponseFailed(ErrorHandler.java:158)
	at org.openqa.selenium.remote.RemoteWebDriver.execute(RemoteWebDriver.java:678)
	at io.appium.java_client.DefaultGenericMobileDriver.execute(DefaultGenericMobileDriver.java:40)
	at io.appium.java_client.AppiumDriver.execute(AppiumDriver.java:1)
	at io.appium.java_client.android.AndroidDriver.execute(AndroidDriver.java:1)
	at org.openqa.selenium.remote.RemoteWebElement.execute(RemoteWebElement.java:327)
	at io.appium.java_client.DefaultGenericMobileElement.execute(DefaultGenericMobileElement.java:33)
	at io.appium.java_client.MobileElement.execute(MobileElement.java:1)
	at io.appium.java_client.android.AndroidElement.execute(AndroidElement.java:1)
	at org.openqa.selenium.remote.RemoteWebElement.click(RemoteWebElement.java:85)
	at main.Main.wfeClick(Main.java:106)
	at main.Main.clickRandomSubCategory_aroundBody8(Main.java:246)
	at main.Main$AjcClosure9.run(Main.java:1)
	at org.aspectj.runtime.reflect.JoinPointImpl.proceed(JoinPointImpl.java:149)
	at io.qameta.allure.aspects.StepsAspects.step(StepsAspects.java:51)
	at main.Main.clickRandomSubCategory(Main.java:239)
	at main.Test007.test007(Test007.java:63)
	at SamsungGalaxyJ1miniPrime.S_TotalRegress.Test007(S_TotalRegress.java:62)
	at sun.reflect.NativeMethodAccessorImpl.invoke0(Native Method)
	at sun.reflect.NativeMethodAccessorImpl.invoke(NativeMethodAccessorImpl.java:62)
	at sun.reflect.DelegatingMethodAccessorImpl.invoke(DelegatingMethodAccessorImpl.java:43)
	at java.lang.reflect.Method.invoke(Method.java:498)
	at org.junit.runners.model.FrameworkMethod$1.runReflectiveCall(FrameworkMethod.java:50)
	at org.junit.internal.runners.model.ReflectiveCallable.run(ReflectiveCallable.java:12)
	at org.junit.runners.model.FrameworkMethod.invokeExplosively(FrameworkMethod.java:47)
	at org.junit.internal.runners.statements.InvokeMethod.evaluate(InvokeMethod.java:17)
	at org.junit.internal.runners.statements.RunBefores.evaluate(RunBefores.java:26)
	at org.junit.internal.runners.statements.RunAfters.evaluate(RunAfters.java:27)
	at org.junit.runners.ParentRunner.runLeaf(ParentRunner.java:325)
	at org.junit.runners.BlockJUnit4ClassRunner.runChild(BlockJUnit4ClassRunner.java:78)
	at org.junit.runners.BlockJUnit4ClassRunner.runChild(BlockJUnit4ClassRunner.java:57)
	at org.junit.runners.ParentRunner$3.run(ParentRunner.java:290)
	at org.junit.runners.ParentRunner$1.schedule(ParentRunner.java:71)
	at org.junit.runners.ParentRunner.runChildren(ParentRunner.java:288)
	at org.junit.runners.ParentRunner.access$000(ParentRunner.java:58)
	at org.junit.runners.ParentRunner$2.evaluate(ParentRunner.java:268)
	at org.junit.runners.ParentRunner.run(ParentRunner.java:363)
	at org.gradle.api.internal.tasks.testing.junit.JUnitTestClassExecutor.runTestClass(JUnitTestClassExecutor.java:110)
	at org.gradle.api.internal.tasks.testing.junit.JUnitTestClassExecutor.execute(JUnitTestClassExecutor.java:58)
	at org.gradle.api.internal.tasks.testing.junit.JUnitTestClassExecutor.execute(JUnitTestClassExecutor.java:38)
	at org.gradle.api.internal.tasks.testing.junit.AbstractJUnitTestClassProcessor.processTestClass(AbstractJUnitTestClassProcessor.java:62)
	at org.gradle.api.internal.tasks.testing.SuiteTestClassProcessor.processTestClass(SuiteTestClassProcessor.java:51)
	at sun.reflect.NativeMethodAccessorImpl.invoke0(Native Method)
	at sun.reflect.NativeMethodAccessorImpl.invoke(NativeMethodAccessorImpl.java:62)
	at sun.reflect.DelegatingMethodAccessorImpl.invoke(DelegatingMethodAccessorImpl.java:43)
	at java.lang.reflect.Method.invoke(Method.java:498)
	at org.gradle.internal.dispatch.ReflectionDispatch.dispatch(ReflectionDispatch.java:35)
	at org.gradle.internal.dispatch.ReflectionDispatch.dispatch(ReflectionDispatch.java:24)
	at org.gradle.internal.dispatch.ContextClassLoaderDispatch.dispatch(ContextClassLoaderDispatch.java:32)
	at org.gradle.internal.dispatch.ProxyDispatchAdapter$DispatchingInvocationHandler.invoke(ProxyDispatchAdapter.java:93)
	at com.sun.proxy.$Proxy2.processTestClass(Unknown Source)
	at org.gradle.api.internal.tasks.testing.worker.TestWorker.processTestClass(TestWorker.java:118)
	at sun.reflect.NativeMethodAccessorImpl.invoke0(Native Method)
	at sun.reflect.NativeMethodAccessorImpl.invoke(NativeMethodAccessorImpl.java:62)
	at sun.reflect.DelegatingMethodAccessorImpl.invoke(DelegatingMethodAccessorImpl.java:43)
	at java.lang.reflect.Method.invoke(Method.java:498)
	at org.gradle.internal.dispatch.ReflectionDispatch.dispatch(ReflectionDispatch.java:35)
	at org.gradle.internal.dispatch.ReflectionDispatch.dispatch(ReflectionDispatch.java:24)
	at org.gradle.internal.remote.internal.hub.MessageHubBackedObjectConnection$DispatchWrapper.dispatch(MessageHubBackedObjectConnection.java:175)
	at org.gradle.internal.remote.internal.hub.MessageHubBackedObjectConnection$DispatchWrapper.dispatch(MessageHubBackedObjectConnection.java:157)
	at org.gradle.internal.remote.internal.hub.MessageHub$Handler.run(MessageHub.java:404)
	at org.gradle.internal.concurrent.ExecutorPolicy$CatchAndRecordFailures.onExecute(ExecutorPolicy.java:63)
	at org.gradle.internal.concurrent.ManagedExecutorImpl$1.run(ManagedExecutorImpl.java:46)
	at java.util.concurrent.ThreadPoolExecutor.runWorker(ThreadPoolExecutor.java:1149)
	at java.util.concurrent.ThreadPoolExecutor$Worker.run(ThreadPoolExecutor.java:624)
	at org.gradle.internal.concurrent.ThreadFactoryImpl$ManagedThreadRunnable.run(ThreadFactoryImpl.java:55)
	at java.lang.Thread.run(Thread.java:748)
</pre>
</span>
</div>
<div class="test">
<a name="Test008"></a>
<h3 class="failures">Test008</h3>
<span class="code">
<pre>org.openqa.selenium.InvalidSelectorException: invalid selector: Unable to locate an element with the xpath expression ((//div[@class='item-title-row'])[3]/../div/div[2] because of the following error:
SyntaxError: Failed to execute 'evaluate' on 'Document': The string '((//div[@class='item-title-row'])[3]/../div/div[2]' is not a valid XPath expression.
  (Session info: content shell=)
  (Driver info: chromedriver=2.20.366854 (5ec7646c06c3266f27ae291db023e006190cc1cc),platform=Windows NT 10.0 x86_64) (WARNING: The server did not provide any stacktrace information)
Command duration or timeout: 162 milliseconds
For documentation on this error, please visit: http://seleniumhq.org/exceptions/invalid_selector_exception.html
Build info: version: '2.53.1', revision: 'a36b8b1cd5757287168e54b817830adce9b0158d', time: '2016-06-30 19:26:09'
System info: host: 'SV-IT-5', ip: '192.168.2.110', os.name: 'Windows 10', os.arch: 'amd64', os.version: '10.0', java.version: '1.8.0_201'
Driver info: io.appium.java_client.android.AndroidDriver
Capabilities [{appPackage=com.savetime, app=C:\Automation\apks\client-12-apr.apk, deviceScreenSize=480x800, networkConnectionEnabled=true, warnings={}, databaseEnabled=false, deviceName=32010f78a810444a, platform=LINUX, deviceUDID=32010f78a810444a, appActivity=com.savetime.MainActivity, desired={appPackage=com.savetime, appActivity=com.savetime.MainActivity, app=C:\Automation\apks\client-12-apr.apk, platformVersion=6.0.1, automationName=Appium, autoGrantPermissions=true, platformName=Android, deviceName=32010f78a810444a}, platformVersion=6.0.1, webStorageEnabled=false, locationContextEnabled=false, automationName=Appium, takesScreenshot=true, autoGrantPermissions=true, javascriptEnabled=true, deviceModel=SM-J106F, platformName=Android, deviceManufacturer=samsung}]
Session ID: 92ea5aea-6142-43a3-93ec-de5c7ec970ec
*** Element info: {Using=xpath, value=((//div[@class='item-title-row'])[3]/../div/div[2]}
	at sun.reflect.NativeConstructorAccessorImpl.newInstance0(Native Method)
	at sun.reflect.NativeConstructorAccessorImpl.newInstance(NativeConstructorAccessorImpl.java:62)
	at sun.reflect.DelegatingConstructorAccessorImpl.newInstance(DelegatingConstructorAccessorImpl.java:45)
	at java.lang.reflect.Constructor.newInstance(Constructor.java:423)
	at org.openqa.selenium.remote.ErrorHandler.createThrowable(ErrorHandler.java:206)
	at org.openqa.selenium.remote.ErrorHandler.throwIfResponseFailed(ErrorHandler.java:158)
	at org.openqa.selenium.remote.RemoteWebDriver.execute(RemoteWebDriver.java:678)
	at io.appium.java_client.DefaultGenericMobileDriver.execute(DefaultGenericMobileDriver.java:40)
	at io.appium.java_client.AppiumDriver.execute(AppiumDriver.java:1)
	at io.appium.java_client.android.AndroidDriver.execute(AndroidDriver.java:1)
	at org.openqa.selenium.remote.RemoteWebDriver.findElement(RemoteWebDriver.java:363)
	at io.appium.java_client.DefaultGenericMobileDriver.findElement(DefaultGenericMobileDriver.java:56)
	at io.appium.java_client.AppiumDriver.findElement(AppiumDriver.java:1)
	at io.appium.java_client.android.AndroidDriver.findElement(AndroidDriver.java:1)
	at org.openqa.selenium.remote.RemoteWebDriver.findElementByXPath(RemoteWebDriver.java:500)
	at io.appium.java_client.DefaultGenericMobileDriver.findElementByXPath(DefaultGenericMobileDriver.java:134)
	at io.appium.java_client.AppiumDriver.findElementByXPath(AppiumDriver.java:1)
	at io.appium.java_client.android.AndroidDriver.findElementByXPath(AndroidDriver.java:1)
	at main.Main.assertCancelLastOrder_aroundBody24(Main.java:523)
	at main.Main$AjcClosure25.run(Main.java:1)
	at org.aspectj.runtime.reflect.JoinPointImpl.proceed(JoinPointImpl.java:149)
	at io.qameta.allure.aspects.StepsAspects.step(StepsAspects.java:51)
	at main.Main.assertCancelLastOrder(Main.java:523)
	at main.Test008.test008(Test008.java:137)
	at SamsungGalaxyJ1miniPrime.S_TotalRegress.Test008(S_TotalRegress.java:68)
	at sun.reflect.NativeMethodAccessorImpl.invoke0(Native Method)
	at sun.reflect.NativeMethodAccessorImpl.invoke(NativeMethodAccessorImpl.java:62)
	at sun.reflect.DelegatingMethodAccessorImpl.invoke(DelegatingMethodAccessorImpl.java:43)
	at java.lang.reflect.Method.invoke(Method.java:498)
	at org.junit.runners.model.FrameworkMethod$1.runReflectiveCall(FrameworkMethod.java:50)
	at org.junit.internal.runners.model.ReflectiveCallable.run(ReflectiveCallable.java:12)
	at org.junit.runners.model.FrameworkMethod.invokeExplosively(FrameworkMethod.java:47)
	at org.junit.internal.runners.statements.InvokeMethod.evaluate(InvokeMethod.java:17)
	at org.junit.internal.runners.statements.RunBefores.evaluate(RunBefores.java:26)
	at org.junit.internal.runners.statements.RunAfters.evaluate(RunAfters.java:27)
	at org.junit.runners.ParentRunner.runLeaf(ParentRunner.java:325)
	at org.junit.runners.BlockJUnit4ClassRunner.runChild(BlockJUnit4ClassRunner.java:78)
	at org.junit.runners.BlockJUnit4ClassRunner.runChild(BlockJUnit4ClassRunner.java:57)
	at org.junit.runners.ParentRunner$3.run(ParentRunner.java:290)
	at org.junit.runners.ParentRunner$1.schedule(ParentRunner.java:71)
	at org.junit.runners.ParentRunner.runChildren(ParentRunner.java:288)
	at org.junit.runners.ParentRunner.access$000(ParentRunner.java:58)
	at org.junit.runners.ParentRunner$2.evaluate(ParentRunner.java:268)
	at org.junit.runners.ParentRunner.run(ParentRunner.java:363)
	at org.gradle.api.internal.tasks.testing.junit.JUnitTestClassExecutor.runTestClass(JUnitTestClassExecutor.java:110)
	at org.gradle.api.internal.tasks.testing.junit.JUnitTestClassExecutor.execute(JUnitTestClassExecutor.java:58)
	at org.gradle.api.internal.tasks.testing.junit.JUnitTestClassExecutor.execute(JUnitTestClassExecutor.java:38)
	at org.gradle.api.internal.tasks.testing.junit.AbstractJUnitTestClassProcessor.processTestClass(AbstractJUnitTestClassProcessor.java:62)
	at org.gradle.api.internal.tasks.testing.SuiteTestClassProcessor.processTestClass(SuiteTestClassProcessor.java:51)
	at sun.reflect.NativeMethodAccessorImpl.invoke0(Native Method)
	at sun.reflect.NativeMethodAccessorImpl.invoke(NativeMethodAccessorImpl.java:62)
	at sun.reflect.DelegatingMethodAccessorImpl.invoke(DelegatingMethodAccessorImpl.java:43)
	at java.lang.reflect.Method.invoke(Method.java:498)
	at org.gradle.internal.dispatch.ReflectionDispatch.dispatch(ReflectionDispatch.java:35)
	at org.gradle.internal.dispatch.ReflectionDispatch.dispatch(ReflectionDispatch.java:24)
	at org.gradle.internal.dispatch.ContextClassLoaderDispatch.dispatch(ContextClassLoaderDispatch.java:32)
	at org.gradle.internal.dispatch.ProxyDispatchAdapter$DispatchingInvocationHandler.invoke(ProxyDispatchAdapter.java:93)
	at com.sun.proxy.$Proxy2.processTestClass(Unknown Source)
	at org.gradle.api.internal.tasks.testing.worker.TestWorker.processTestClass(TestWorker.java:118)
	at sun.reflect.NativeMethodAccessorImpl.invoke0(Native Method)
	at sun.reflect.NativeMethodAccessorImpl.invoke(NativeMethodAccessorImpl.java:62)
	at sun.reflect.DelegatingMethodAccessorImpl.invoke(DelegatingMethodAccessorImpl.java:43)
	at java.lang.reflect.Method.invoke(Method.java:498)
	at org.gradle.internal.dispatch.ReflectionDispatch.dispatch(ReflectionDispatch.java:35)
	at org.gradle.internal.dispatch.ReflectionDispatch.dispatch(ReflectionDispatch.java:24)
	at org.gradle.internal.remote.internal.hub.MessageHubBackedObjectConnection$DispatchWrapper.dispatch(MessageHubBackedObjectConnection.java:175)
	at org.gradle.internal.remote.internal.hub.MessageHubBackedObjectConnection$DispatchWrapper.dispatch(MessageHubBackedObjectConnection.java:157)
	at org.gradle.internal.remote.internal.hub.MessageHub$Handler.run(MessageHub.java:404)
	at org.gradle.internal.concurrent.ExecutorPolicy$CatchAndRecordFailures.onExecute(ExecutorPolicy.java:63)
	at org.gradle.internal.concurrent.ManagedExecutorImpl$1.run(ManagedExecutorImpl.java:46)
	at java.util.concurrent.ThreadPoolExecutor.runWorker(ThreadPoolExecutor.java:1149)
	at java.util.concurrent.ThreadPoolExecutor$Worker.run(ThreadPoolExecutor.java:624)
	at org.gradle.internal.concurrent.ThreadFactoryImpl$ManagedThreadRunnable.run(ThreadFactoryImpl.java:55)
	at java.lang.Thread.run(Thread.java:748)
</pre>
</span>
</div>
</div>
<div id="tab1" class="tab">
<h2>Tests</h2>
<table>
<thead>
<tr>
<th>Test</th>
<th>Duration</th>
<th>Result</th>
</tr>
</thead>
<tr>
<td class="success">Test001</td>
<td class="success">1m38.85s</td>
<td class="success">passed</td>
</tr>
<tr>
<td class="success">Test002</td>
<td class="success">5m33.14s</td>
<td class="success">passed</td>
</tr>
<tr>
<td class="success">Test003</td>
<td class="success">6m11.12s</td>
<td class="success">passed</td>
</tr>
<tr>
<td class="success">Test004</td>
<td class="success">6m36.64s</td>
<td class="success">passed</td>
</tr>
<tr>
<td class="success">Test005</td>
<td class="success">4m46.87s</td>
<td class="success">passed</td>
</tr>
<tr>
<td class="success">Test006</td>
<td class="success">4m53.76s</td>
<td class="success">passed</td>
</tr>
<tr>
<td class="failures">Test007</td>
<td class="failures">2m21.55s</td>
<td class="failures">failed</td>
</tr>
<tr>
<td class="failures">Test008</td>
<td class="failures">4m32.04s</td>
<td class="failures">failed</td>
</tr>
<tr>
<td class="success">Test009</td>
<td class="success">4m39.85s</td>
<td class="success">passed</td>
</tr>
</table>
</div>
<div id="tab2" class="tab">
<h2>Standard output</h2>
<span class="code">
<pre>Текущий контекст: NATIVE_APP
????????????????????????????????????????????????????????????????????????????????????
? Информация о клиенте: Никита
???????????????????????????????????????????????????????????????????????????
? ID клиента: 89281
? Имя клиента: Никита
? Телефон клиента: 79959006040
? Реферальный код клиента: NIKITA550
? Статус клиента: basic
? Сейвкоины клиента: 0.37
????????????????????????????????????????????????????????????????????????????????????
Текущий контекст: WEBVIEW_com.savetime
Текущий контекст: WEBVIEW_com.savetime
Текущий контекст: NATIVE_APP
Текущий контекст: WEBVIEW_com.savetime
Количество сейвкоинов клиента соответствует значению в БД
78926
Текущий контекст: NATIVE_APP
????????????????????????????????????????????????????????????????????????????????????
? Информация о клиенте: Кристина
???????????????????????????????????????????????????????????????????????????
? ID клиента: 95797
? Имя клиента: Кристина
? Телефон клиента: 79857414862
? Реферальный код клиента: KRISTINA-1004
? Статус клиента: basic
? Сейвкоины клиента: 0.53
????????????????????????????????????????????????????????????????????????????????????
Текущий контекст: WEBVIEW_com.savetime
Текущий контекст: WEBVIEW_com.savetime
Текущий контекст: NATIVE_APP
Текущий контекст: WEBVIEW_com.savetime
Активных заказов нет!
Товара больше нет в наличии
Текущий контекст: NATIVE_APP
Текущий контекст: WEBVIEW_com.savetime
Текущий контекст: NATIVE_APP
Текущий контекст: WEBVIEW_com.savetime
????????????????????????????????????????????????????????????????????????????????????
? Информация о заказе № 107996
???????????????????????????????????????????????????????????????????????????
? ID заказа: 107996
? Статус заказа: hold
? Сумма корзины: 999.6
? Сумма доставки: 199.0
? Сумма итого: 0.0
? Сумма потраченных сейвкоинов: 0.0
? Дата создания заказа: 2019-04-12 13:56:19.0
? Дата завершения доставки: null
? Адрес магазина: Москва, ул. Наметкина, 3
? Адрес клиента: ул. Академика Пилюгина, 12к2
? Подъезд клиента: 1
? Этаж клиента: 2
? Квартира клиента: 3
? Домофон клиента: 123
? Комментарий клиента: Yo, yo yo, 148-3 to the 3 to the 6 to the 9, representing the ABQ, what up biatch?!
????????????????????????????????????????????????????????????????????????????????????
Изменено строк в базе: 1. Статус заказа №107996 изменён на: packing
Изменено строк в базе: 1. Статус заказа №107996 изменён на: compiled
Изменено строк в базе: 1. Статус заказа №107996 изменён на: ship
Изменено строк в базе: 1. Статус заказа №107996 изменён на: done
59370
Текущий контекст: NATIVE_APP
????????????????????????????????????????????????????????????????????????????????????
? Информация о клиенте: Дарья
???????????????????????????????????????????????????????????????????????????
? ID клиента: 10289
? Имя клиента: Дарья
? Телефон клиента: 79647278292
? Реферальный код клиента: DARYA035
? Статус клиента: basic
? Сейвкоины клиента: 48.62
????????????????????????????????????????????????????????????????????????????????????
Текущий контекст: WEBVIEW_com.savetime
Текущий контекст: WEBVIEW_com.savetime
Текущий контекст: NATIVE_APP
Текущий контекст: WEBVIEW_com.savetime
Активных заказов нет!
Тестовая карта уже привязана: 5100 •••• •••• 0008
Изменено строк в базе: 1
Изменено строк в базе: 1
Test1156
Текущий контекст: NATIVE_APP
Текущий контекст: WEBVIEW_com.savetime
Текущий контекст: NATIVE_APP
Текущий контекст: WEBVIEW_com.savetime
Текущий контекст: NATIVE_APP
Текущий контекст: WEBVIEW_com.savetime
Текущий контекст: NATIVE_APP
Текущий контекст: WEBVIEW_com.savetime
Текущий контекст: NATIVE_APP
Текущий контекст: WEBVIEW_com.savetime
Текущий контекст: NATIVE_APP
Текущий контекст: WEBVIEW_com.savetime
????????????????????????????????????????????????????????????????????????????????????
? Информация о заказе № 107999
???????????????????????????????????????????????????????????????????????????
? ID заказа: 107999
? Статус заказа: hold
? Сумма корзины: 569.0
? Сумма доставки: 199.0
? Сумма итого: 0.0
? Сумма потраченных сейвкоинов: 0.0
? Дата создания заказа: 2019-04-12 14:02:21.0
? Дата завершения доставки: null
? Адрес магазина: улица Свободы, 34
? Адрес клиента: Химкинский б-р, 19к1c6
? Подъезд клиента: 3
? Этаж клиента: 1
? Квартира клиента: 2
? Домофон клиента: 312
? Комментарий клиента: 
????????????????????????????????????????????????????????????????????????????????????
Изменено строк в базе: 1. Статус заказа №107999 изменён на: packing
Изменено строк в базе: 1. Статус заказа №107999 изменён на: compiled
Изменено строк в базе: 1. Статус заказа №107999 изменён на: ship
Изменено строк в базе: 1. Статус заказа №107999 изменён на: done
55146
Текущий контекст: NATIVE_APP
????????????????????????????????????????????????????????????????????????????????????
? Информация о клиенте: Кирилл
???????????????????????????????????????????????????????????????????????????
? ID клиента: 101612
? Имя клиента: Кирилл
? Телефон клиента: 79256156867
? Реферальный код клиента: KIRILL-401
? Статус клиента: basic
? Сейвкоины клиента: 13.36
????????????????????????????????????????????????????????????????????????????????????
Текущий контекст: WEBVIEW_com.savetime
Текущий контекст: WEBVIEW_com.savetime
Текущий контекст: NATIVE_APP
Текущий контекст: WEBVIEW_com.savetime
Активных заказов нет!
Тестовая карта уже привязана: 5100 •••• •••• 0008
Изменено строк в базе: 1
Изменено строк в базе: 1
Test3010
Текущий контекст: NATIVE_APP
Текущий контекст: WEBVIEW_com.savetime
Текущий контекст: NATIVE_APP
Текущий контекст: WEBVIEW_com.savetime
Текущий контекст: NATIVE_APP
Текущий контекст: WEBVIEW_com.savetime
Текущий контекст: NATIVE_APP
Текущий контекст: WEBVIEW_com.savetime
Текущий контекст: NATIVE_APP
Текущий контекст: WEBVIEW_com.savetime
Текущий контекст: NATIVE_APP
Текущий контекст: WEBVIEW_com.savetime
????????????????????????????????????????????????????????????????????????????????????
? Информация о заказе № 108004
???????????????????????????????????????????????????????????????????????????
? ID заказа: 108004
? Статус заказа: hold
? Сумма корзины: 605.6
? Сумма доставки: 199.0
? Сумма итого: 0.0
? Сумма потраченных сейвкоинов: 0.0
? Дата создания заказа: 2019-04-12 14:08:55.0
? Дата завершения доставки: null
? Адрес магазина: ул. Большая Очаковская д.32
? Адрес клиента: Озёрная ул., 2к3
? Подъезд клиента: 3
? Этаж клиента: 1
? Квартира клиента: 2
? Домофон клиента: 312
? Комментарий клиента: 
????????????????????????????????????????????????????????????????????????????????????
Изменено строк в базе: 1. Статус заказа №108004 изменён на: packing
Изменено строк в базе: 1. Статус заказа №108004 изменён на: compiled
Изменено строк в базе: 1. Статус заказа №108004 изменён на: ship
Изменено строк в базе: 1. Статус заказа №108004 изменён на: done
53753
Текущий контекст: NATIVE_APP
????????????????????????????????????????????????????????????????????????????????????
? Информация о клиенте: Юлия
???????????????????????????????????????????????????????????????????????????
? ID клиента: 47240
? Имя клиента: Юлия
? Телефон клиента: 79858241720
? Реферальный код клиента: YULIYA1364
? Статус клиента: basic
? Сейвкоины клиента: 24.869999999999997
????????????????????????????????????????????????????????????????????????????????????
Текущий контекст: WEBVIEW_com.savetime
Текущий контекст: WEBVIEW_com.savetime
Текущий контекст: NATIVE_APP
Текущий контекст: WEBVIEW_com.savetime
Активных заказов нет!
Текущий контекст: NATIVE_APP
Текущий контекст: WEBVIEW_com.savetime
Тестовая карта уже привязана: 5100 •••• •••• 0008
Текущий контекст: NATIVE_APP
Текущий контекст: WEBVIEW_com.savetime
Текущий контекст: NATIVE_APP
Текущий контекст: WEBVIEW_com.savetime
????????????????????????????????????????????????????????????????????????????????????
? Информация о заказе № 108008
???????????????????????????????????????????????????????????????????????????
? ID заказа: 108008
? Статус заказа: hold
? Сумма корзины: 639.6
? Сумма доставки: 199.0
? Сумма итого: 0.0
? Сумма потраченных сейвкоинов: 10.0
? Дата создания заказа: 2019-04-12 14:13:33.0
? Дата завершения доставки: null
? Адрес магазина: Москва, Щелковское ш., 2А
? Адрес клиента: 5-я Парковая ул., 50А
? Подъезд клиента: 6
? Этаж клиента: 7
? Квартира клиента: 8
? Домофон клиента: 876
? Комментарий клиента: 
????????????????????????????????????????????????????????????????????????????????????
Изменено строк в базе: 1. Статус заказа №108008 изменён на: packing
Изменено строк в базе: 1. Статус заказа №108008 изменён на: compiled
Изменено строк в базе: 1. Статус заказа №108008 изменён на: ship
Изменено строк в базе: 1. Статус заказа №108008 изменён на: done
78762
Текущий контекст: NATIVE_APP
????????????????????????????????????????????????????????????????????????????????????
? Информация о клиенте: Юлия
???????????????????????????????????????????????????????????????????????????
? ID клиента: 83907
? Имя клиента: Юлия
? Телефон клиента: 79857626514
? Реферальный код клиента: YULIYA2220
? Статус клиента: basic
? Сейвкоины клиента: 5.31
????????????????????????????????????????????????????????????????????????????????????
Текущий контекст: WEBVIEW_com.savetime
Текущий контекст: WEBVIEW_com.savetime
Текущий контекст: NATIVE_APP
Текущий контекст: WEBVIEW_com.savetime
Активных заказов нет!
78395
Тестовая карта уже привязана: 5100 •••• •••• 0008
Текущий контекст: NATIVE_APP
Текущий контекст: WEBVIEW_com.savetime
????????????????????????????????????????????????????????????????????????????????????
? Информация о заказе № 108013
???????????????????????????????????????????????????????????????????????????
? ID заказа: 108013
? Статус заказа: hold
? Сумма корзины: 865.0
? Сумма доставки: 199.0
? Сумма итого: 0.0
? Сумма потраченных сейвкоинов: 0.0
? Дата создания заказа: 2019-04-12 14:18:32.0
? Дата завершения доставки: null
? Адрес магазина: ул. Каховка д. 19, к. 1
? Адрес клиента: Внутренний пр-д, 8c1
? Подъезд клиента: 1
? Этаж клиента: 2
? Квартира клиента: 3
? Домофон клиента: 123
? Комментарий клиента: Yo, yo yo, 148-3 to the 3 to the 6 to the 9, representing the ABQ, what up biatch?!
????????????????????????????????????????????????????????????????????????????????????
Изменено строк в базе: 1. Статус заказа №108013 изменён на: packing
Изменено строк в базе: 1. Статус заказа №108013 изменён на: compiled
Изменено строк в базе: 1. Статус заказа №108013 изменён на: ship
Изменено строк в базе: 1. Статус заказа №108013 изменён на: done
78824
Было сейвкоинов: 5
Стало сейвкоинов: 13
78824
Текущий контекст: NATIVE_APP
????????????????????????????????????????????????????????????????????????????????????
? Информация о клиенте: Мария
???????????????????????????????????????????????????????????????????????????
? ID клиента: 98270
? Имя клиента: Мария
? Телефон клиента: 79163452467
? Реферальный код клиента: MARIYA-2538
? Статус клиента: basic
? Сейвкоины клиента: 34.93
????????????????????????????????????????????????????????????????????????????????????
Текущий контекст: WEBVIEW_com.savetime
Текущий контекст: WEBVIEW_com.savetime
Текущий контекст: NATIVE_APP
Текущий контекст: WEBVIEW_com.savetime
Активных заказов нет!
59967
Текущий контекст: NATIVE_APP
????????????????????????????????????????????????????????????????????????????????????
? Информация о клиенте: Виктория
???????????????????????????????????????????????????????????????????????????
? ID клиента: 87564
? Имя клиента: Виктория
? Телефон клиента: 79851691980
? Реферальный код клиента: VIKTORIY559
? Статус клиента: basic
? Сейвкоины клиента: 26.06
????????????????????????????????????????????????????????????????????????????????????
Текущий контекст: WEBVIEW_com.savetime
Текущий контекст: WEBVIEW_com.savetime
Текущий контекст: NATIVE_APP
Текущий контекст: WEBVIEW_com.savetime
Активных заказов нет!
Тестовая карта уже привязана: 5100 •••• •••• 0008
Текущий контекст: NATIVE_APP
Текущий контекст: WEBVIEW_com.savetime
????????????????????????????????????????????????????????????????????????????????????
? Информация о заказе № 108015
???????????????????????????????????????????????????????????????????????????
? ID заказа: 108015
? Статус заказа: hold
? Сумма корзины: 705.0
? Сумма доставки: 199.0
? Сумма итого: 0.0
? Сумма потраченных сейвкоинов: 0.0
? Дата создания заказа: 2019-04-12 14:25:41.0
? Дата завершения доставки: null
? Адрес магазина: Валовая ул., 11/19
? Адрес клиента: ул. Маросейка, 15
? Подъезд клиента: 1
? Этаж клиента: 2
? Квартира клиента: 3
? Домофон клиента: 123
? Комментарий клиента: Yo, yo yo, 148-3 to the 3 to the 6 to the 9, representing the ABQ, what up biatch?!
????????????????????????????????????????????????????????????????????????????????????
Изменено строк в базе: 1. Статус заказа №108015 изменён на: packing
Изменено строк в базе: 1. Статус заказа №108015 изменён на: compiled
Текущий контекст: NATIVE_APP
Текущий контекст: WEBVIEW_com.savetime
42446
Текущий контекст: NATIVE_APP
????????????????????????????????????????????????????????????????????????????????????
? Информация о клиенте: Анастасия
???????????????????????????????????????????????????????????????????????????
? ID клиента: 94301
? Имя клиента: Анастасия
? Телефон клиента: 79150103223
? Реферальный код клиента: ANASTASI-1599
? Статус клиента: basic
? Сейвкоины клиента: 6.21
????????????????????????????????????????????????????????????????????????????????????
Текущий контекст: WEBVIEW_com.savetime
Текущий контекст: WEBVIEW_com.savetime
Текущий контекст: NATIVE_APP
Текущий контекст: WEBVIEW_com.savetime
Активных заказов нет!
Тестовая карта уже привязана: 5100 •••• •••• 0008
Текущий контекст: NATIVE_APP
Текущий контекст: WEBVIEW_com.savetime
????????????????????????????????????????????????????????????????????????????????????
? Информация о заказе № 108016
???????????????????????????????????????????????????????????????????????????
? ID заказа: 108016
? Статус заказа: hold
? Сумма корзины: 587.7
? Сумма доставки: 199.0
? Сумма итого: 0.0
? Сумма потраченных сейвкоинов: 0.0
? Дата создания заказа: 2019-04-12 14:30:04.0
? Дата завершения доставки: null
? Адрес магазина: улица Маршала Бирюзова, 32
? Адрес клиента: Строгинский б-р, 14к1
? Подъезд клиента: 1
? Этаж клиента: 2
? Квартира клиента: 3
? Домофон клиента: 123
? Комментарий клиента: Yo, yo yo, 148-3 to the 3 to the 6 to the 9, representing the ABQ, what up biatch?!
????????????????????????????????????????????????????????????????????????????????????
Изменено строк в базе: 1. Статус заказа №108016 изменён на: packing
Изменено строк в базе: 1. Статус заказа №108016 изменён на: compiled
Изменено строк в базе: 1. Статус заказа №108016 изменён на: ship
Изменено строк в базе: 1. Статус заказа №108016 изменён на: done
Текущий контекст: NATIVE_APP
Текущий контекст: WEBVIEW_com.savetime
Текущий контекст: NATIVE_APP
Текущий контекст: WEBVIEW_com.savetime
Текущий контекст: NATIVE_APP
50535
</pre>
</span>
</div>
<div id="tab3" class="tab">
<h2>Standard error</h2>
<span class="code">
<pre>SLF4J: Failed to load class &quot;org.slf4j.impl.StaticLoggerBinder&quot;.
SLF4J: Defaulting to no-operation (NOP) logger implementation
SLF4J: See http://www.slf4j.org/codes.html#StaticLoggerBinder for further details.
</pre>
</span>
</div>
</div>
<div id="footer">
<p>
<div>
<label class="hidden" id="label-for-line-wrapping-toggle" for="line-wrapping-toggle">Wrap lines
<input id="line-wrapping-toggle" type="checkbox" autocomplete="off"/>
</label>
</div>Generated by 
<a href="http://www.gradle.org">Gradle 5.3</a> at 12.04.2019 17:32:23</p>
</div>
</div>
</body>
</html>
