<?xml version="1.0" encoding="UTF-8"?>
<testsuite name="XiaomiMiMix2.X2_TotalRegress" tests="9" skipped="0" failures="3" errors="0" timestamp="2019-04-12T13:51:20" hostname="SV-IT-5" time="1636.002">
  <properties/>
  <testcase name="Test001" classname="XiaomiMiMix2.X2_TotalRegress" time="47.653"/>
  <testcase name="Test002" classname="XiaomiMiMix2.X2_TotalRegress" time="246.396"/>
  <testcase name="Test003" classname="XiaomiMiMix2.X2_TotalRegress" time="266.501"/>
  <testcase name="Test004" classname="XiaomiMiMix2.X2_TotalRegress" time="278.008"/>
  <testcase name="Test005" classname="XiaomiMiMix2.X2_TotalRegress" time="210.953"/>
  <testcase name="Test006" classname="XiaomiMiMix2.X2_TotalRegress" time="136.039">
    <failure message="org.openqa.selenium.WebDriverException: An unknown server-side error occurred while processing the command. Original error: Could not proxy. Proxy error: Could not proxy command to remote server. Original error: Error: connect ECONNREFUSED 127.0.0.1:8001 (WARNING: The server did not provide any stacktrace information)&#10;Command duration or timeout: 1.02 seconds&#10;Build info: version: '2.53.1', revision: 'a36b8b1cd5757287168e54b817830adce9b0158d', time: '2016-06-30 19:26:09'&#10;System info: host: 'SV-IT-5', ip: '192.168.2.110', os.name: 'Windows 10', os.arch: 'amd64', os.version: '10.0', java.version: '1.8.0_201'&#10;Driver info: io.appium.java_client.android.AndroidDriver&#10;Capabilities [{appPackage=com.savetime, app=C:\Automation\apks\client-12-apr.apk, deviceScreenSize=1080x2160, networkConnectionEnabled=true, warnings={}, databaseEnabled=false, deviceName=e4986fbc, platform=LINUX, deviceUDID=e4986fbc, appActivity=com.savetime.MainActivity, desired={appPackage=com.savetime, appActivity=com.savetime.MainActivity, app=C:\Automation\apks\client-12-apr.apk, platformVersion=8.0.0, automationName=Appium, autoGrantPermissions=true, platformName=Android, deviceName=e4986fbc}, platformVersion=8.0.0, webStorageEnabled=false, locationContextEnabled=false, automationName=Appium, takesScreenshot=true, autoGrantPermissions=true, javascriptEnabled=true, deviceModel=Mi MIX 2, platformName=Android, deviceManufacturer=Xiaomi}]&#10;Session ID: 69d17084-3a61-4c0e-8a91-83644582da29" type="org.openqa.selenium.WebDriverException">org.openqa.selenium.WebDriverException: An unknown server-side error occurred while processing the command. Original error: Could not proxy. Proxy error: Could not proxy command to remote server. Original error: Error: connect ECONNREFUSED 127.0.0.1:8001 (WARNING: The server did not provide any stacktrace information)
Command duration or timeout: 1.02 seconds
Build info: version: '2.53.1', revision: 'a36b8b1cd5757287168e54b817830adce9b0158d', time: '2016-06-30 19:26:09'
System info: host: 'SV-IT-5', ip: '192.168.2.110', os.name: 'Windows 10', os.arch: 'amd64', os.version: '10.0', java.version: '1.8.0_201'
Driver info: io.appium.java_client.android.AndroidDriver
Capabilities [{appPackage=com.savetime, app=C:\Automation\apks\client-12-apr.apk, deviceScreenSize=1080x2160, networkConnectionEnabled=true, warnings={}, databaseEnabled=false, deviceName=e4986fbc, platform=LINUX, deviceUDID=e4986fbc, appActivity=com.savetime.MainActivity, desired={appPackage=com.savetime, appActivity=com.savetime.MainActivity, app=C:\Automation\apks\client-12-apr.apk, platformVersion=8.0.0, automationName=Appium, autoGrantPermissions=true, platformName=Android, deviceName=e4986fbc}, platformVersion=8.0.0, webStorageEnabled=false, locationContextEnabled=false, automationName=Appium, takesScreenshot=true, autoGrantPermissions=true, javascriptEnabled=true, deviceModel=Mi MIX 2, platformName=Android, deviceManufacturer=Xiaomi}]
Session ID: 69d17084-3a61-4c0e-8a91-83644582da29
	at sun.reflect.NativeConstructorAccessorImpl.newInstance0(Native Method)
	at sun.reflect.NativeConstructorAccessorImpl.newInstance(NativeConstructorAccessorImpl.java:62)
	at sun.reflect.DelegatingConstructorAccessorImpl.newInstance(DelegatingConstructorAccessorImpl.java:45)
	at java.lang.reflect.Constructor.newInstance(Constructor.java:423)
	at org.openqa.selenium.remote.ErrorHandler.createThrowable(ErrorHandler.java:206)
	at org.openqa.selenium.remote.ErrorHandler.throwIfResponseFailed(ErrorHandler.java:158)
	at org.openqa.selenium.remote.RemoteWebDriver.execute(RemoteWebDriver.java:678)
	at io.appium.java_client.DefaultGenericMobileDriver.execute(DefaultGenericMobileDriver.java:40)
	at io.appium.java_client.AppiumDriver.execute(AppiumDriver.java:235)
	at org.openqa.selenium.remote.RemoteWebDriver$RemoteNavigation.refresh(RemoteWebDriver.java:977)
	at main.Test006.test006(Test006.java:111)
	at XiaomiMiMix2.X2_TotalRegress.Test006(X2_TotalRegress.java:56)
	at sun.reflect.NativeMethodAccessorImpl.invoke0(Native Method)
	at sun.reflect.NativeMethodAccessorImpl.invoke(NativeMethodAccessorImpl.java:62)
	at sun.reflect.DelegatingMethodAccessorImpl.invoke(DelegatingMethodAccessorImpl.java:43)
	at java.lang.reflect.Method.invoke(Method.java:498)
	at org.junit.runners.model.FrameworkMethod$1.runReflectiveCall(FrameworkMethod.java:50)
	at org.junit.internal.runners.model.ReflectiveCallable.run(ReflectiveCallable.java:12)
	at org.junit.runners.model.FrameworkMethod.invokeExplosively(FrameworkMethod.java:47)
	at org.junit.internal.runners.statements.InvokeMethod.evaluate(InvokeMethod.java:17)
	at org.junit.internal.runners.statements.RunBefores.evaluate(RunBefores.java:26)
	at org.junit.internal.runners.statements.RunAfters.evaluate(RunAfters.java:27)
	at org.junit.runners.ParentRunner.runLeaf(ParentRunner.java:325)
	at org.junit.runners.BlockJUnit4ClassRunner.runChild(BlockJUnit4ClassRunner.java:78)
	at org.junit.runners.BlockJUnit4ClassRunner.runChild(BlockJUnit4ClassRunner.java:57)
	at org.junit.runners.ParentRunner$3.run(ParentRunner.java:290)
	at org.junit.runners.ParentRunner$1.schedule(ParentRunner.java:71)
	at org.junit.runners.ParentRunner.runChildren(ParentRunner.java:288)
	at org.junit.runners.ParentRunner.access$000(ParentRunner.java:58)
	at org.junit.runners.ParentRunner$2.evaluate(ParentRunner.java:268)
	at org.junit.runners.ParentRunner.run(ParentRunner.java:363)
	at org.gradle.api.internal.tasks.testing.junit.JUnitTestClassExecutor.runTestClass(JUnitTestClassExecutor.java:110)
	at org.gradle.api.internal.tasks.testing.junit.JUnitTestClassExecutor.execute(JUnitTestClassExecutor.java:58)
	at org.gradle.api.internal.tasks.testing.junit.JUnitTestClassExecutor.execute(JUnitTestClassExecutor.java:38)
	at org.gradle.api.internal.tasks.testing.junit.AbstractJUnitTestClassProcessor.processTestClass(AbstractJUnitTestClassProcessor.java:62)
	at org.gradle.api.internal.tasks.testing.SuiteTestClassProcessor.processTestClass(SuiteTestClassProcessor.java:51)
	at sun.reflect.NativeMethodAccessorImpl.invoke0(Native Method)
	at sun.reflect.NativeMethodAccessorImpl.invoke(NativeMethodAccessorImpl.java:62)
	at sun.reflect.DelegatingMethodAccessorImpl.invoke(DelegatingMethodAccessorImpl.java:43)
	at java.lang.reflect.Method.invoke(Method.java:498)
	at org.gradle.internal.dispatch.ReflectionDispatch.dispatch(ReflectionDispatch.java:35)
	at org.gradle.internal.dispatch.ReflectionDispatch.dispatch(ReflectionDispatch.java:24)
	at org.gradle.internal.dispatch.ContextClassLoaderDispatch.dispatch(ContextClassLoaderDispatch.java:32)
	at org.gradle.internal.dispatch.ProxyDispatchAdapter$DispatchingInvocationHandler.invoke(ProxyDispatchAdapter.java:93)
	at com.sun.proxy.$Proxy2.processTestClass(Unknown Source)
	at org.gradle.api.internal.tasks.testing.worker.TestWorker.processTestClass(TestWorker.java:118)
	at sun.reflect.NativeMethodAccessorImpl.invoke0(Native Method)
	at sun.reflect.NativeMethodAccessorImpl.invoke(NativeMethodAccessorImpl.java:62)
	at sun.reflect.DelegatingMethodAccessorImpl.invoke(DelegatingMethodAccessorImpl.java:43)
	at java.lang.reflect.Method.invoke(Method.java:498)
	at org.gradle.internal.dispatch.ReflectionDispatch.dispatch(ReflectionDispatch.java:35)
	at org.gradle.internal.dispatch.ReflectionDispatch.dispatch(ReflectionDispatch.java:24)
	at org.gradle.internal.remote.internal.hub.MessageHubBackedObjectConnection$DispatchWrapper.dispatch(MessageHubBackedObjectConnection.java:175)
	at org.gradle.internal.remote.internal.hub.MessageHubBackedObjectConnection$DispatchWrapper.dispatch(MessageHubBackedObjectConnection.java:157)
	at org.gradle.internal.remote.internal.hub.MessageHub$Handler.run(MessageHub.java:404)
	at org.gradle.internal.concurrent.ExecutorPolicy$CatchAndRecordFailures.onExecute(ExecutorPolicy.java:63)
	at org.gradle.internal.concurrent.ManagedExecutorImpl$1.run(ManagedExecutorImpl.java:46)
	at java.util.concurrent.ThreadPoolExecutor.runWorker(ThreadPoolExecutor.java:1149)
	at java.util.concurrent.ThreadPoolExecutor$Worker.run(ThreadPoolExecutor.java:624)
	at org.gradle.internal.concurrent.ThreadFactoryImpl$ManagedThreadRunnable.run(ThreadFactoryImpl.java:55)
	at java.lang.Thread.run(Thread.java:748)
</failure>
    <failure message="org.openqa.selenium.WebDriverException: An unknown server-side error occurred while processing the command. Original error: Could not proxy. Proxy error: Could not proxy command to remote server. Original error: Error: connect ECONNREFUSED 127.0.0.1:8001 (WARNING: The server did not provide any stacktrace information)&#10;Command duration or timeout: 1.01 seconds&#10;Build info: version: '2.53.1', revision: 'a36b8b1cd5757287168e54b817830adce9b0158d', time: '2016-06-30 19:26:09'&#10;System info: host: 'SV-IT-5', ip: '192.168.2.110', os.name: 'Windows 10', os.arch: 'amd64', os.version: '10.0', java.version: '1.8.0_201'&#10;Driver info: io.appium.java_client.android.AndroidDriver&#10;Capabilities [{appPackage=com.savetime, app=C:\Automation\apks\client-12-apr.apk, deviceScreenSize=1080x2160, networkConnectionEnabled=true, warnings={}, databaseEnabled=false, deviceName=e4986fbc, platform=LINUX, deviceUDID=e4986fbc, appActivity=com.savetime.MainActivity, desired={appPackage=com.savetime, appActivity=com.savetime.MainActivity, app=C:\Automation\apks\client-12-apr.apk, platformVersion=8.0.0, automationName=Appium, autoGrantPermissions=true, platformName=Android, deviceName=e4986fbc}, platformVersion=8.0.0, webStorageEnabled=false, locationContextEnabled=false, automationName=Appium, takesScreenshot=true, autoGrantPermissions=true, javascriptEnabled=true, deviceModel=Mi MIX 2, platformName=Android, deviceManufacturer=Xiaomi}]&#10;Session ID: 69d17084-3a61-4c0e-8a91-83644582da29" type="org.openqa.selenium.WebDriverException">org.openqa.selenium.WebDriverException: An unknown server-side error occurred while processing the command. Original error: Could not proxy. Proxy error: Could not proxy command to remote server. Original error: Error: connect ECONNREFUSED 127.0.0.1:8001 (WARNING: The server did not provide any stacktrace information)
Command duration or timeout: 1.01 seconds
Build info: version: '2.53.1', revision: 'a36b8b1cd5757287168e54b817830adce9b0158d', time: '2016-06-30 19:26:09'
System info: host: 'SV-IT-5', ip: '192.168.2.110', os.name: 'Windows 10', os.arch: 'amd64', os.version: '10.0', java.version: '1.8.0_201'
Driver info: io.appium.java_client.android.AndroidDriver
Capabilities [{appPackage=com.savetime, app=C:\Automation\apks\client-12-apr.apk, deviceScreenSize=1080x2160, networkConnectionEnabled=true, warnings={}, databaseEnabled=false, deviceName=e4986fbc, platform=LINUX, deviceUDID=e4986fbc, appActivity=com.savetime.MainActivity, desired={appPackage=com.savetime, appActivity=com.savetime.MainActivity, app=C:\Automation\apks\client-12-apr.apk, platformVersion=8.0.0, automationName=Appium, autoGrantPermissions=true, platformName=Android, deviceName=e4986fbc}, platformVersion=8.0.0, webStorageEnabled=false, locationContextEnabled=false, automationName=Appium, takesScreenshot=true, autoGrantPermissions=true, javascriptEnabled=true, deviceModel=Mi MIX 2, platformName=Android, deviceManufacturer=Xiaomi}]
Session ID: 69d17084-3a61-4c0e-8a91-83644582da29
	at sun.reflect.NativeConstructorAccessorImpl.newInstance0(Native Method)
	at sun.reflect.NativeConstructorAccessorImpl.newInstance(NativeConstructorAccessorImpl.java:62)
	at sun.reflect.DelegatingConstructorAccessorImpl.newInstance(DelegatingConstructorAccessorImpl.java:45)
	at java.lang.reflect.Constructor.newInstance(Constructor.java:423)
	at org.openqa.selenium.remote.ErrorHandler.createThrowable(ErrorHandler.java:206)
	at org.openqa.selenium.remote.ErrorHandler.throwIfResponseFailed(ErrorHandler.java:158)
	at org.openqa.selenium.remote.RemoteWebDriver.execute(RemoteWebDriver.java:678)
	at io.appium.java_client.DefaultGenericMobileDriver.execute(DefaultGenericMobileDriver.java:40)
	at io.appium.java_client.AppiumDriver.execute(AppiumDriver.java:235)
	at org.openqa.selenium.remote.RemoteWebDriver.getScreenshotAs(RemoteWebDriver.java:335)
	at main.Main.saveAllureScreenshot(Main.java:1125)
	at XiaomiMiMix2.X2_TotalRegress.tearDown(X2_TotalRegress.java:85)
	at sun.reflect.NativeMethodAccessorImpl.invoke0(Native Method)
	at sun.reflect.NativeMethodAccessorImpl.invoke(NativeMethodAccessorImpl.java:62)
	at sun.reflect.DelegatingMethodAccessorImpl.invoke(DelegatingMethodAccessorImpl.java:43)
	at java.lang.reflect.Method.invoke(Method.java:498)
	at org.junit.runners.model.FrameworkMethod$1.runReflectiveCall(FrameworkMethod.java:50)
	at org.junit.internal.runners.model.ReflectiveCallable.run(ReflectiveCallable.java:12)
	at org.junit.runners.model.FrameworkMethod.invokeExplosively(FrameworkMethod.java:47)
	at org.junit.internal.runners.statements.RunAfters.evaluate(RunAfters.java:33)
	at org.junit.runners.ParentRunner.runLeaf(ParentRunner.java:325)
	at org.junit.runners.BlockJUnit4ClassRunner.runChild(BlockJUnit4ClassRunner.java:78)
	at org.junit.runners.BlockJUnit4ClassRunner.runChild(BlockJUnit4ClassRunner.java:57)
	at org.junit.runners.ParentRunner$3.run(ParentRunner.java:290)
	at org.junit.runners.ParentRunner$1.schedule(ParentRunner.java:71)
	at org.junit.runners.ParentRunner.runChildren(ParentRunner.java:288)
	at org.junit.runners.ParentRunner.access$000(ParentRunner.java:58)
	at org.junit.runners.ParentRunner$2.evaluate(ParentRunner.java:268)
	at org.junit.runners.ParentRunner.run(ParentRunner.java:363)
	at org.gradle.api.internal.tasks.testing.junit.JUnitTestClassExecutor.runTestClass(JUnitTestClassExecutor.java:110)
	at org.gradle.api.internal.tasks.testing.junit.JUnitTestClassExecutor.execute(JUnitTestClassExecutor.java:58)
	at org.gradle.api.internal.tasks.testing.junit.JUnitTestClassExecutor.execute(JUnitTestClassExecutor.java:38)
	at org.gradle.api.internal.tasks.testing.junit.AbstractJUnitTestClassProcessor.processTestClass(AbstractJUnitTestClassProcessor.java:62)
	at org.gradle.api.internal.tasks.testing.SuiteTestClassProcessor.processTestClass(SuiteTestClassProcessor.java:51)
	at sun.reflect.NativeMethodAccessorImpl.invoke0(Native Method)
	at sun.reflect.NativeMethodAccessorImpl.invoke(NativeMethodAccessorImpl.java:62)
	at sun.reflect.DelegatingMethodAccessorImpl.invoke(DelegatingMethodAccessorImpl.java:43)
	at java.lang.reflect.Method.invoke(Method.java:498)
	at org.gradle.internal.dispatch.ReflectionDispatch.dispatch(ReflectionDispatch.java:35)
	at org.gradle.internal.dispatch.ReflectionDispatch.dispatch(ReflectionDispatch.java:24)
	at org.gradle.internal.dispatch.ContextClassLoaderDispatch.dispatch(ContextClassLoaderDispatch.java:32)
	at org.gradle.internal.dispatch.ProxyDispatchAdapter$DispatchingInvocationHandler.invoke(ProxyDispatchAdapter.java:93)
	at com.sun.proxy.$Proxy2.processTestClass(Unknown Source)
	at org.gradle.api.internal.tasks.testing.worker.TestWorker.processTestClass(TestWorker.java:118)
	at sun.reflect.NativeMethodAccessorImpl.invoke0(Native Method)
	at sun.reflect.NativeMethodAccessorImpl.invoke(NativeMethodAccessorImpl.java:62)
	at sun.reflect.DelegatingMethodAccessorImpl.invoke(DelegatingMethodAccessorImpl.java:43)
	at java.lang.reflect.Method.invoke(Method.java:498)
	at org.gradle.internal.dispatch.ReflectionDispatch.dispatch(ReflectionDispatch.java:35)
	at org.gradle.internal.dispatch.ReflectionDispatch.dispatch(ReflectionDispatch.java:24)
	at org.gradle.internal.remote.internal.hub.MessageHubBackedObjectConnection$DispatchWrapper.dispatch(MessageHubBackedObjectConnection.java:175)
	at org.gradle.internal.remote.internal.hub.MessageHubBackedObjectConnection$DispatchWrapper.dispatch(MessageHubBackedObjectConnection.java:157)
	at org.gradle.internal.remote.internal.hub.MessageHub$Handler.run(MessageHub.java:404)
	at org.gradle.internal.concurrent.ExecutorPolicy$CatchAndRecordFailures.onExecute(ExecutorPolicy.java:63)
	at org.gradle.internal.concurrent.ManagedExecutorImpl$1.run(ManagedExecutorImpl.java:46)
	at java.util.concurrent.ThreadPoolExecutor.runWorker(ThreadPoolExecutor.java:1149)
	at java.util.concurrent.ThreadPoolExecutor$Worker.run(ThreadPoolExecutor.java:624)
	at org.gradle.internal.concurrent.ThreadFactoryImpl$ManagedThreadRunnable.run(ThreadFactoryImpl.java:55)
	at java.lang.Thread.run(Thread.java:748)
</failure>
  </testcase>
  <testcase name="Test007" classname="XiaomiMiMix2.X2_TotalRegress" time="83.879">
    <failure message="org.openqa.selenium.ElementNotVisibleException: element not visible&#10;  (Session info: content shell=)&#10;  (Driver info: chromedriver=2.20.366854 (5ec7646c06c3266f27ae291db023e006190cc1cc),platform=Windows NT 10.0 x86_64) (WARNING: The server did not provide any stacktrace information)&#10;Command duration or timeout: 74 milliseconds&#10;Build info: version: '2.53.1', revision: 'a36b8b1cd5757287168e54b817830adce9b0158d', time: '2016-06-30 19:26:09'&#10;System info: host: 'SV-IT-5', ip: '192.168.2.110', os.name: 'Windows 10', os.arch: 'amd64', os.version: '10.0', java.version: '1.8.0_201'&#10;Driver info: io.appium.java_client.android.AndroidDriver&#10;Capabilities [{appPackage=com.savetime, app=C:\Automation\apks\client-12-apr.apk, deviceScreenSize=1080x2160, networkConnectionEnabled=true, warnings={}, databaseEnabled=false, deviceName=e4986fbc, platform=LINUX, deviceUDID=e4986fbc, appActivity=com.savetime.MainActivity, desired={appPackage=com.savetime, appActivity=com.savetime.MainActivity, app=C:\Automation\apks\client-12-apr.apk, platformVersion=8.0.0, automationName=Appium, autoGrantPermissions=true, platformName=Android, deviceName=e4986fbc}, platformVersion=8.0.0, webStorageEnabled=false, locationContextEnabled=false, automationName=Appium, takesScreenshot=true, autoGrantPermissions=true, javascriptEnabled=true, deviceModel=Mi MIX 2, platformName=Android, deviceManufacturer=Xiaomi}]&#10;Session ID: f0c477b5-9370-41ea-996c-9a0c7f5805eb" type="org.openqa.selenium.ElementNotVisibleException">org.openqa.selenium.ElementNotVisibleException: element not visible
  (Session info: content shell=)
  (Driver info: chromedriver=2.20.366854 (5ec7646c06c3266f27ae291db023e006190cc1cc),platform=Windows NT 10.0 x86_64) (WARNING: The server did not provide any stacktrace information)
Command duration or timeout: 74 milliseconds
Build info: version: '2.53.1', revision: 'a36b8b1cd5757287168e54b817830adce9b0158d', time: '2016-06-30 19:26:09'
System info: host: 'SV-IT-5', ip: '192.168.2.110', os.name: 'Windows 10', os.arch: 'amd64', os.version: '10.0', java.version: '1.8.0_201'
Driver info: io.appium.java_client.android.AndroidDriver
Capabilities [{appPackage=com.savetime, app=C:\Automation\apks\client-12-apr.apk, deviceScreenSize=1080x2160, networkConnectionEnabled=true, warnings={}, databaseEnabled=false, deviceName=e4986fbc, platform=LINUX, deviceUDID=e4986fbc, appActivity=com.savetime.MainActivity, desired={appPackage=com.savetime, appActivity=com.savetime.MainActivity, app=C:\Automation\apks\client-12-apr.apk, platformVersion=8.0.0, automationName=Appium, autoGrantPermissions=true, platformName=Android, deviceName=e4986fbc}, platformVersion=8.0.0, webStorageEnabled=false, locationContextEnabled=false, automationName=Appium, takesScreenshot=true, autoGrantPermissions=true, javascriptEnabled=true, deviceModel=Mi MIX 2, platformName=Android, deviceManufacturer=Xiaomi}]
Session ID: f0c477b5-9370-41ea-996c-9a0c7f5805eb
	at sun.reflect.NativeConstructorAccessorImpl.newInstance0(Native Method)
	at sun.reflect.NativeConstructorAccessorImpl.newInstance(NativeConstructorAccessorImpl.java:62)
	at sun.reflect.DelegatingConstructorAccessorImpl.newInstance(DelegatingConstructorAccessorImpl.java:45)
	at java.lang.reflect.Constructor.newInstance(Constructor.java:423)
	at org.openqa.selenium.remote.ErrorHandler.createThrowable(ErrorHandler.java:206)
	at org.openqa.selenium.remote.ErrorHandler.throwIfResponseFailed(ErrorHandler.java:158)
	at org.openqa.selenium.remote.RemoteWebDriver.execute(RemoteWebDriver.java:678)
	at io.appium.java_client.DefaultGenericMobileDriver.execute(DefaultGenericMobileDriver.java:40)
	at io.appium.java_client.AppiumDriver.execute(AppiumDriver.java:1)
	at io.appium.java_client.android.AndroidDriver.execute(AndroidDriver.java:1)
	at org.openqa.selenium.remote.RemoteWebElement.execute(RemoteWebElement.java:327)
	at io.appium.java_client.DefaultGenericMobileElement.execute(DefaultGenericMobileElement.java:33)
	at io.appium.java_client.MobileElement.execute(MobileElement.java:1)
	at io.appium.java_client.android.AndroidElement.execute(AndroidElement.java:1)
	at org.openqa.selenium.remote.RemoteWebElement.click(RemoteWebElement.java:85)
	at main.Main.wfeClick(Main.java:106)
	at main.Main.clickDeliveryAddressField_aroundBody46(Main.java:690)
	at main.Main$AjcClosure47.run(Main.java:1)
	at org.aspectj.runtime.reflect.JoinPointImpl.proceed(JoinPointImpl.java:149)
	at io.qameta.allure.aspects.StepsAspects.step(StepsAspects.java:51)
	at main.Main.clickDeliveryAddressField(Main.java:690)
	at main.Test007.test007(Test007.java:48)
	at XiaomiMiMix2.X2_TotalRegress.Test007(X2_TotalRegress.java:62)
	at sun.reflect.NativeMethodAccessorImpl.invoke0(Native Method)
	at sun.reflect.NativeMethodAccessorImpl.invoke(NativeMethodAccessorImpl.java:62)
	at sun.reflect.DelegatingMethodAccessorImpl.invoke(DelegatingMethodAccessorImpl.java:43)
	at java.lang.reflect.Method.invoke(Method.java:498)
	at org.junit.runners.model.FrameworkMethod$1.runReflectiveCall(FrameworkMethod.java:50)
	at org.junit.internal.runners.model.ReflectiveCallable.run(ReflectiveCallable.java:12)
	at org.junit.runners.model.FrameworkMethod.invokeExplosively(FrameworkMethod.java:47)
	at org.junit.internal.runners.statements.InvokeMethod.evaluate(InvokeMethod.java:17)
	at org.junit.internal.runners.statements.RunBefores.evaluate(RunBefores.java:26)
	at org.junit.internal.runners.statements.RunAfters.evaluate(RunAfters.java:27)
	at org.junit.runners.ParentRunner.runLeaf(ParentRunner.java:325)
	at org.junit.runners.BlockJUnit4ClassRunner.runChild(BlockJUnit4ClassRunner.java:78)
	at org.junit.runners.BlockJUnit4ClassRunner.runChild(BlockJUnit4ClassRunner.java:57)
	at org.junit.runners.ParentRunner$3.run(ParentRunner.java:290)
	at org.junit.runners.ParentRunner$1.schedule(ParentRunner.java:71)
	at org.junit.runners.ParentRunner.runChildren(ParentRunner.java:288)
	at org.junit.runners.ParentRunner.access$000(ParentRunner.java:58)
	at org.junit.runners.ParentRunner$2.evaluate(ParentRunner.java:268)
	at org.junit.runners.ParentRunner.run(ParentRunner.java:363)
	at org.gradle.api.internal.tasks.testing.junit.JUnitTestClassExecutor.runTestClass(JUnitTestClassExecutor.java:110)
	at org.gradle.api.internal.tasks.testing.junit.JUnitTestClassExecutor.execute(JUnitTestClassExecutor.java:58)
	at org.gradle.api.internal.tasks.testing.junit.JUnitTestClassExecutor.execute(JUnitTestClassExecutor.java:38)
	at org.gradle.api.internal.tasks.testing.junit.AbstractJUnitTestClassProcessor.processTestClass(AbstractJUnitTestClassProcessor.java:62)
	at org.gradle.api.internal.tasks.testing.SuiteTestClassProcessor.processTestClass(SuiteTestClassProcessor.java:51)
	at sun.reflect.NativeMethodAccessorImpl.invoke0(Native Method)
	at sun.reflect.NativeMethodAccessorImpl.invoke(NativeMethodAccessorImpl.java:62)
	at sun.reflect.DelegatingMethodAccessorImpl.invoke(DelegatingMethodAccessorImpl.java:43)
	at java.lang.reflect.Method.invoke(Method.java:498)
	at org.gradle.internal.dispatch.ReflectionDispatch.dispatch(ReflectionDispatch.java:35)
	at org.gradle.internal.dispatch.ReflectionDispatch.dispatch(ReflectionDispatch.java:24)
	at org.gradle.internal.dispatch.ContextClassLoaderDispatch.dispatch(ContextClassLoaderDispatch.java:32)
	at org.gradle.internal.dispatch.ProxyDispatchAdapter$DispatchingInvocationHandler.invoke(ProxyDispatchAdapter.java:93)
	at com.sun.proxy.$Proxy2.processTestClass(Unknown Source)
	at org.gradle.api.internal.tasks.testing.worker.TestWorker.processTestClass(TestWorker.java:118)
	at sun.reflect.NativeMethodAccessorImpl.invoke0(Native Method)
	at sun.reflect.NativeMethodAccessorImpl.invoke(NativeMethodAccessorImpl.java:62)
	at sun.reflect.DelegatingMethodAccessorImpl.invoke(DelegatingMethodAccessorImpl.java:43)
	at java.lang.reflect.Method.invoke(Method.java:498)
	at org.gradle.internal.dispatch.ReflectionDispatch.dispatch(ReflectionDispatch.java:35)
	at org.gradle.internal.dispatch.ReflectionDispatch.dispatch(ReflectionDispatch.java:24)
	at org.gradle.internal.remote.internal.hub.MessageHubBackedObjectConnection$DispatchWrapper.dispatch(MessageHubBackedObjectConnection.java:175)
	at org.gradle.internal.remote.internal.hub.MessageHubBackedObjectConnection$DispatchWrapper.dispatch(MessageHubBackedObjectConnection.java:157)
	at org.gradle.internal.remote.internal.hub.MessageHub$Handler.run(MessageHub.java:404)
	at org.gradle.internal.concurrent.ExecutorPolicy$CatchAndRecordFailures.onExecute(ExecutorPolicy.java:63)
	at org.gradle.internal.concurrent.ManagedExecutorImpl$1.run(ManagedExecutorImpl.java:46)
	at java.util.concurrent.ThreadPoolExecutor.runWorker(ThreadPoolExecutor.java:1149)
	at java.util.concurrent.ThreadPoolExecutor$Worker.run(ThreadPoolExecutor.java:624)
	at org.gradle.internal.concurrent.ThreadFactoryImpl$ManagedThreadRunnable.run(ThreadFactoryImpl.java:55)
	at java.lang.Thread.run(Thread.java:748)
</failure>
  </testcase>
  <testcase name="Test008" classname="XiaomiMiMix2.X2_TotalRegress" time="171.106">
    <failure message="org.openqa.selenium.InvalidSelectorException: invalid selector: Unable to locate an element with the xpath expression ((//div[@class='item-title-row'])[3]/../div/div[2] because of the following error:&#10;SyntaxError: Failed to execute 'evaluate' on 'Document': The string '((//div[@class='item-title-row'])[3]/../div/div[2]' is not a valid XPath expression.&#10;  (Session info: content shell=)&#10;  (Driver info: chromedriver=2.20.366854 (5ec7646c06c3266f27ae291db023e006190cc1cc),platform=Windows NT 10.0 x86_64) (WARNING: The server did not provide any stacktrace information)&#10;Command duration or timeout: 107 milliseconds&#10;For documentation on this error, please visit: http://seleniumhq.org/exceptions/invalid_selector_exception.html&#10;Build info: version: '2.53.1', revision: 'a36b8b1cd5757287168e54b817830adce9b0158d', time: '2016-06-30 19:26:09'&#10;System info: host: 'SV-IT-5', ip: '192.168.2.110', os.name: 'Windows 10', os.arch: 'amd64', os.version: '10.0', java.version: '1.8.0_201'&#10;Driver info: io.appium.java_client.android.AndroidDriver&#10;Capabilities [{appPackage=com.savetime, app=C:\Automation\apks\client-12-apr.apk, deviceScreenSize=1080x2160, networkConnectionEnabled=true, warnings={}, databaseEnabled=false, deviceName=e4986fbc, platform=LINUX, deviceUDID=e4986fbc, appActivity=com.savetime.MainActivity, desired={appPackage=com.savetime, appActivity=com.savetime.MainActivity, app=C:\Automation\apks\client-12-apr.apk, platformVersion=8.0.0, automationName=Appium, autoGrantPermissions=true, platformName=Android, deviceName=e4986fbc}, platformVersion=8.0.0, webStorageEnabled=false, locationContextEnabled=false, automationName=Appium, takesScreenshot=true, autoGrantPermissions=true, javascriptEnabled=true, deviceModel=Mi MIX 2, platformName=Android, deviceManufacturer=Xiaomi}]&#10;Session ID: 0bf157eb-393d-4a9e-952b-81ffde4ad794&#10;*** Element info: {Using=xpath, value=((//div[@class='item-title-row'])[3]/../div/div[2]}" type="org.openqa.selenium.InvalidSelectorException">org.openqa.selenium.InvalidSelectorException: invalid selector: Unable to locate an element with the xpath expression ((//div[@class='item-title-row'])[3]/../div/div[2] because of the following error:
SyntaxError: Failed to execute 'evaluate' on 'Document': The string '((//div[@class='item-title-row'])[3]/../div/div[2]' is not a valid XPath expression.
  (Session info: content shell=)
  (Driver info: chromedriver=2.20.366854 (5ec7646c06c3266f27ae291db023e006190cc1cc),platform=Windows NT 10.0 x86_64) (WARNING: The server did not provide any stacktrace information)
Command duration or timeout: 107 milliseconds
For documentation on this error, please visit: http://seleniumhq.org/exceptions/invalid_selector_exception.html
Build info: version: '2.53.1', revision: 'a36b8b1cd5757287168e54b817830adce9b0158d', time: '2016-06-30 19:26:09'
System info: host: 'SV-IT-5', ip: '192.168.2.110', os.name: 'Windows 10', os.arch: 'amd64', os.version: '10.0', java.version: '1.8.0_201'
Driver info: io.appium.java_client.android.AndroidDriver
Capabilities [{appPackage=com.savetime, app=C:\Automation\apks\client-12-apr.apk, deviceScreenSize=1080x2160, networkConnectionEnabled=true, warnings={}, databaseEnabled=false, deviceName=e4986fbc, platform=LINUX, deviceUDID=e4986fbc, appActivity=com.savetime.MainActivity, desired={appPackage=com.savetime, appActivity=com.savetime.MainActivity, app=C:\Automation\apks\client-12-apr.apk, platformVersion=8.0.0, automationName=Appium, autoGrantPermissions=true, platformName=Android, deviceName=e4986fbc}, platformVersion=8.0.0, webStorageEnabled=false, locationContextEnabled=false, automationName=Appium, takesScreenshot=true, autoGrantPermissions=true, javascriptEnabled=true, deviceModel=Mi MIX 2, platformName=Android, deviceManufacturer=Xiaomi}]
Session ID: 0bf157eb-393d-4a9e-952b-81ffde4ad794
*** Element info: {Using=xpath, value=((//div[@class='item-title-row'])[3]/../div/div[2]}
	at sun.reflect.NativeConstructorAccessorImpl.newInstance0(Native Method)
	at sun.reflect.NativeConstructorAccessorImpl.newInstance(NativeConstructorAccessorImpl.java:62)
	at sun.reflect.DelegatingConstructorAccessorImpl.newInstance(DelegatingConstructorAccessorImpl.java:45)
	at java.lang.reflect.Constructor.newInstance(Constructor.java:423)
	at org.openqa.selenium.remote.ErrorHandler.createThrowable(ErrorHandler.java:206)
	at org.openqa.selenium.remote.ErrorHandler.throwIfResponseFailed(ErrorHandler.java:158)
	at org.openqa.selenium.remote.RemoteWebDriver.execute(RemoteWebDriver.java:678)
	at io.appium.java_client.DefaultGenericMobileDriver.execute(DefaultGenericMobileDriver.java:40)
	at io.appium.java_client.AppiumDriver.execute(AppiumDriver.java:1)
	at io.appium.java_client.android.AndroidDriver.execute(AndroidDriver.java:1)
	at org.openqa.selenium.remote.RemoteWebDriver.findElement(RemoteWebDriver.java:363)
	at io.appium.java_client.DefaultGenericMobileDriver.findElement(DefaultGenericMobileDriver.java:56)
	at io.appium.java_client.AppiumDriver.findElement(AppiumDriver.java:1)
	at io.appium.java_client.android.AndroidDriver.findElement(AndroidDriver.java:1)
	at org.openqa.selenium.remote.RemoteWebDriver.findElementByXPath(RemoteWebDriver.java:500)
	at io.appium.java_client.DefaultGenericMobileDriver.findElementByXPath(DefaultGenericMobileDriver.java:134)
	at io.appium.java_client.AppiumDriver.findElementByXPath(AppiumDriver.java:1)
	at io.appium.java_client.android.AndroidDriver.findElementByXPath(AndroidDriver.java:1)
	at main.Main.assertCancelLastOrder_aroundBody24(Main.java:523)
	at main.Main$AjcClosure25.run(Main.java:1)
	at org.aspectj.runtime.reflect.JoinPointImpl.proceed(JoinPointImpl.java:149)
	at io.qameta.allure.aspects.StepsAspects.step(StepsAspects.java:51)
	at main.Main.assertCancelLastOrder(Main.java:523)
	at main.Test008.test008(Test008.java:137)
	at XiaomiMiMix2.X2_TotalRegress.Test008(X2_TotalRegress.java:68)
	at sun.reflect.NativeMethodAccessorImpl.invoke0(Native Method)
	at sun.reflect.NativeMethodAccessorImpl.invoke(NativeMethodAccessorImpl.java:62)
	at sun.reflect.DelegatingMethodAccessorImpl.invoke(DelegatingMethodAccessorImpl.java:43)
	at java.lang.reflect.Method.invoke(Method.java:498)
	at org.junit.runners.model.FrameworkMethod$1.runReflectiveCall(FrameworkMethod.java:50)
	at org.junit.internal.runners.model.ReflectiveCallable.run(ReflectiveCallable.java:12)
	at org.junit.runners.model.FrameworkMethod.invokeExplosively(FrameworkMethod.java:47)
	at org.junit.internal.runners.statements.InvokeMethod.evaluate(InvokeMethod.java:17)
	at org.junit.internal.runners.statements.RunBefores.evaluate(RunBefores.java:26)
	at org.junit.internal.runners.statements.RunAfters.evaluate(RunAfters.java:27)
	at org.junit.runners.ParentRunner.runLeaf(ParentRunner.java:325)
	at org.junit.runners.BlockJUnit4ClassRunner.runChild(BlockJUnit4ClassRunner.java:78)
	at org.junit.runners.BlockJUnit4ClassRunner.runChild(BlockJUnit4ClassRunner.java:57)
	at org.junit.runners.ParentRunner$3.run(ParentRunner.java:290)
	at org.junit.runners.ParentRunner$1.schedule(ParentRunner.java:71)
	at org.junit.runners.ParentRunner.runChildren(ParentRunner.java:288)
	at org.junit.runners.ParentRunner.access$000(ParentRunner.java:58)
	at org.junit.runners.ParentRunner$2.evaluate(ParentRunner.java:268)
	at org.junit.runners.ParentRunner.run(ParentRunner.java:363)
	at org.gradle.api.internal.tasks.testing.junit.JUnitTestClassExecutor.runTestClass(JUnitTestClassExecutor.java:110)
	at org.gradle.api.internal.tasks.testing.junit.JUnitTestClassExecutor.execute(JUnitTestClassExecutor.java:58)
	at org.gradle.api.internal.tasks.testing.junit.JUnitTestClassExecutor.execute(JUnitTestClassExecutor.java:38)
	at org.gradle.api.internal.tasks.testing.junit.AbstractJUnitTestClassProcessor.processTestClass(AbstractJUnitTestClassProcessor.java:62)
	at org.gradle.api.internal.tasks.testing.SuiteTestClassProcessor.processTestClass(SuiteTestClassProcessor.java:51)
	at sun.reflect.NativeMethodAccessorImpl.invoke0(Native Method)
	at sun.reflect.NativeMethodAccessorImpl.invoke(NativeMethodAccessorImpl.java:62)
	at sun.reflect.DelegatingMethodAccessorImpl.invoke(DelegatingMethodAccessorImpl.java:43)
	at java.lang.reflect.Method.invoke(Method.java:498)
	at org.gradle.internal.dispatch.ReflectionDispatch.dispatch(ReflectionDispatch.java:35)
	at org.gradle.internal.dispatch.ReflectionDispatch.dispatch(ReflectionDispatch.java:24)
	at org.gradle.internal.dispatch.ContextClassLoaderDispatch.dispatch(ContextClassLoaderDispatch.java:32)
	at org.gradle.internal.dispatch.ProxyDispatchAdapter$DispatchingInvocationHandler.invoke(ProxyDispatchAdapter.java:93)
	at com.sun.proxy.$Proxy2.processTestClass(Unknown Source)
	at org.gradle.api.internal.tasks.testing.worker.TestWorker.processTestClass(TestWorker.java:118)
	at sun.reflect.NativeMethodAccessorImpl.invoke0(Native Method)
	at sun.reflect.NativeMethodAccessorImpl.invoke(NativeMethodAccessorImpl.java:62)
	at sun.reflect.DelegatingMethodAccessorImpl.invoke(DelegatingMethodAccessorImpl.java:43)
	at java.lang.reflect.Method.invoke(Method.java:498)
	at org.gradle.internal.dispatch.ReflectionDispatch.dispatch(ReflectionDispatch.java:35)
	at org.gradle.internal.dispatch.ReflectionDispatch.dispatch(ReflectionDispatch.java:24)
	at org.gradle.internal.remote.internal.hub.MessageHubBackedObjectConnection$DispatchWrapper.dispatch(MessageHubBackedObjectConnection.java:175)
	at org.gradle.internal.remote.internal.hub.MessageHubBackedObjectConnection$DispatchWrapper.dispatch(MessageHubBackedObjectConnection.java:157)
	at org.gradle.internal.remote.internal.hub.MessageHub$Handler.run(MessageHub.java:404)
	at org.gradle.internal.concurrent.ExecutorPolicy$CatchAndRecordFailures.onExecute(ExecutorPolicy.java:63)
	at org.gradle.internal.concurrent.ManagedExecutorImpl$1.run(ManagedExecutorImpl.java:46)
	at java.util.concurrent.ThreadPoolExecutor.runWorker(ThreadPoolExecutor.java:1149)
	at java.util.concurrent.ThreadPoolExecutor$Worker.run(ThreadPoolExecutor.java:624)
	at org.gradle.internal.concurrent.ThreadFactoryImpl$ManagedThreadRunnable.run(ThreadFactoryImpl.java:55)
	at java.lang.Thread.run(Thread.java:748)
</failure>
  </testcase>
  <testcase name="Test009" classname="XiaomiMiMix2.X2_TotalRegress" time="195.461"/>
  <system-out><![CDATA[Текущий контекст: WEBVIEW_com.savetime
????????????????????????????????????????????????????????????????????????????????????
? Информация о клиенте: Анна
???????????????????????????????????????????????????????????????????????????
? ID клиента: 77880
? Имя клиента: Анна
? Телефон клиента: 79859657097
? Реферальный код клиента: ANNA2460
? Статус клиента: basic
? Сейвкоины клиента: 78.64
????????????????????????????????????????????????????????????????????????????????????
Текущий контекст: WEBVIEW_com.savetime
Текущий контекст: NATIVE_APP
Текущий контекст: WEBVIEW_com.savetime
Текущий контекст: WEBVIEW_com.savetime
Текущий контекст: NATIVE_APP
Текущий контекст: WEBVIEW_com.savetime
Количество сейвкоинов клиента соответствует значению в БД
166990
Текущий контекст: WEBVIEW_com.savetime
????????????????????????????????????????????????????????????????????????????????????
? Информация о клиенте: Людмила
???????????????????????????????????????????????????????????????????????????
? ID клиента: 103350
? Имя клиента: Людмила
? Телефон клиента: 79267998996
? Реферальный код клиента: LYUDMILA-499
? Статус клиента: basic
? Сейвкоины клиента: 10.25
????????????????????????????????????????????????????????????????????????????????????
Текущий контекст: WEBVIEW_com.savetime
Текущий контекст: NATIVE_APP
Текущий контекст: WEBVIEW_com.savetime
Текущий контекст: WEBVIEW_com.savetime
Текущий контекст: NATIVE_APP
Текущий контекст: WEBVIEW_com.savetime
Активных заказов нет!
Текущий контекст: NATIVE_APP
Текущий контекст: WEBVIEW_com.savetime
Текущий контекст: NATIVE_APP
Текущий контекст: WEBVIEW_com.savetime
????????????????????????????????????????????????????????????????????????????????????
? Информация о заказе № 107994
???????????????????????????????????????????????????????????????????????????
? ID заказа: 107994
? Статус заказа: hold
? Сумма корзины: 261.5
? Сумма доставки: 199.0
? Сумма итого: 0.0
? Сумма потраченных сейвкоинов: 0.0
? Дата создания заказа: 2019-04-12 13:54:26.0
? Дата завершения доставки: null
? Адрес магазина: ул. Большая Дорогомиловская 8
? Адрес клиента: пл. Гагарина
? Подъезд клиента: 1
? Этаж клиента: 2
? Квартира клиента: 3
? Домофон клиента: 123
? Комментарий клиента: Yo, yo yo, 148-3 to the 3 to the 6 to the 9, representing the ABQ, what up biatch?!
????????????????????????????????????????????????????????????????????????????????????
Изменено строк в базе: 1. Статус заказа №107994 изменён на: packing
Изменено строк в базе: 1. Статус заказа №107994 изменён на: compiled
Изменено строк в базе: 1. Статус заказа №107994 изменён на: ship
Изменено строк в базе: 1. Статус заказа №107994 изменён на: done
130785
Текущий контекст: WEBVIEW_com.savetime
????????????????????????????????????????????????????????????????????????????????????
? Информация о клиенте: Александр
???????????????????????????????????????????????????????????????????????????
? ID клиента: 14662
? Имя клиента: Александр
? Телефон клиента: 79263386446
? Реферальный код клиента: ALEKSAND084
? Статус клиента: basic
? Сейвкоины клиента: 25.37
????????????????????????????????????????????????????????????????????????????????????
Текущий контекст: WEBVIEW_com.savetime
Текущий контекст: NATIVE_APP
Текущий контекст: WEBVIEW_com.savetime
Текущий контекст: WEBVIEW_com.savetime
Текущий контекст: NATIVE_APP
Текущий контекст: WEBVIEW_com.savetime
Активных заказов нет!
Тестовая карта уже привязана: 5100 •••• •••• 0008
Изменено строк в базе: 1
Изменено строк в базе: 1
Test2095
Текущий контекст: NATIVE_APP
Текущий контекст: WEBVIEW_com.savetime
Текущий контекст: NATIVE_APP
Текущий контекст: WEBVIEW_com.savetime
Текущий контекст: NATIVE_APP
Текущий контекст: WEBVIEW_com.savetime
Текущий контекст: NATIVE_APP
Текущий контекст: WEBVIEW_com.savetime
Текущий контекст: NATIVE_APP
Текущий контекст: WEBVIEW_com.savetime
Текущий контекст: NATIVE_APP
Текущий контекст: WEBVIEW_com.savetime
????????????????????????????????????????????????????????????????????????????????????
? Информация о заказе № 107997
???????????????????????????????????????????????????????????????????????????
? ID заказа: 107997
? Статус заказа: hold
? Сумма корзины: 766.2
? Сумма доставки: 199.0
? Сумма итого: 0.0
? Сумма потраченных сейвкоинов: 0.0
? Дата создания заказа: 2019-04-12 13:59:03.0
? Дата завершения доставки: null
? Адрес магазина: Москва, ул.Алтуфьевское шоссе, д. 8
? Адрес клиента: Ленская ул., 36
? Подъезд клиента: 3
? Этаж клиента: 1
? Квартира клиента: 2
? Домофон клиента: 312
? Комментарий клиента: 
????????????????????????????????????????????????????????????????????????????????????
Изменено строк в базе: 1. Статус заказа №107997 изменён на: packing
Изменено строк в базе: 1. Статус заказа №107997 изменён на: compiled
Изменено строк в базе: 1. Статус заказа №107997 изменён на: ship
Изменено строк в базе: 1. Статус заказа №107997 изменён на: done
134034
Текущий контекст: WEBVIEW_com.savetime
????????????????????????????????????????????????????????????????????????????????????
? Информация о клиенте: Виктория
???????????????????????????????????????????????????????????????????????????
? ID клиента: 27565
? Имя клиента: Виктория
? Телефон клиента: 79647056772
? Реферальный код клиента: VIKTORIY094
? Статус клиента: basic
? Сейвкоины клиента: 88.94
????????????????????????????????????????????????????????????????????????????????????
Текущий контекст: WEBVIEW_com.savetime
Текущий контекст: NATIVE_APP
Текущий контекст: WEBVIEW_com.savetime
Текущий контекст: WEBVIEW_com.savetime
Текущий контекст: NATIVE_APP
Текущий контекст: WEBVIEW_com.savetime
Активных заказов нет!
Тестовая карта уже привязана: 5100 •••• •••• 0008
Изменено строк в базе: 1
Изменено строк в базе: 1
Test1557
Текущий контекст: NATIVE_APP
Текущий контекст: WEBVIEW_com.savetime
Текущий контекст: NATIVE_APP
Текущий контекст: WEBVIEW_com.savetime
Текущий контекст: NATIVE_APP
Текущий контекст: WEBVIEW_com.savetime
Текущий контекст: NATIVE_APP
Текущий контекст: WEBVIEW_com.savetime
Текущий контекст: NATIVE_APP
Текущий контекст: WEBVIEW_com.savetime
Текущий контекст: NATIVE_APP
Текущий контекст: WEBVIEW_com.savetime
????????????????????????????????????????????????????????????????????????????????????
? Информация о заказе № 108000
???????????????????????????????????????????????????????????????????????????
? ID заказа: 108000
? Статус заказа: hold
? Сумма корзины: 511.0
? Сумма доставки: 199.0
? Сумма итого: 0.0
? Сумма потраченных сейвкоинов: 0.0
? Дата создания заказа: 2019-04-12 14:03:30.0
? Дата завершения доставки: null
? Адрес магазина: ул. Каховка д. 19, к. 1
? Адрес клиента: Новочеремушкинская ул., 59к1
? Подъезд клиента: 3
? Этаж клиента: 1
? Квартира клиента: 2
? Домофон клиента: 312
? Комментарий клиента: 
????????????????????????????????????????????????????????????????????????????????????
Изменено строк в базе: 1. Статус заказа №108000 изменён на: packing
Изменено строк в базе: 1. Статус заказа №108000 изменён на: compiled
Изменено строк в базе: 1. Статус заказа №108000 изменён на: ship
Изменено строк в базе: 1. Статус заказа №108000 изменён на: done
135371
Текущий контекст: WEBVIEW_com.savetime
????????????????????????????????????????????????????????????????????????????????????
? Информация о клиенте: Елена
???????????????????????????????????????????????????????????????????????????
? ID клиента: 80121
? Имя клиента: Елена
? Телефон клиента: 79257853220
? Реферальный код клиента: ELENA2518
? Статус клиента: basic
? Сейвкоины клиента: 46.21
????????????????????????????????????????????????????????????????????????????????????
Текущий контекст: WEBVIEW_com.savetime
Текущий контекст: NATIVE_APP
Текущий контекст: WEBVIEW_com.savetime
Текущий контекст: WEBVIEW_com.savetime
Текущий контекст: NATIVE_APP
Текущий контекст: WEBVIEW_com.savetime
Активных заказов нет!
Текущий контекст: NATIVE_APP
Текущий контекст: WEBVIEW_com.savetime
Тестовая карта уже привязана: 5100 •••• •••• 0008
Текущий контекст: NATIVE_APP
Текущий контекст: WEBVIEW_com.savetime
Текущий контекст: NATIVE_APP
Текущий контекст: WEBVIEW_com.savetime
????????????????????????????????????????????????????????????????????????????????????
? Информация о заказе № 108002
???????????????????????????????????????????????????????????????????????????
? ID заказа: 108002
? Статус заказа: hold
? Сумма корзины: 431.8
? Сумма доставки: 199.0
? Сумма итого: 0.0
? Сумма потраченных сейвкоинов: 10.0
? Дата создания заказа: 2019-04-12 14:06:47.0
? Дата завершения доставки: null
? Адрес магазина: Москва, Можайское шоссе 31, корп.1
? Адрес клиента: Рублёвское ш., 22
? Подъезд клиента: 6
? Этаж клиента: 7
? Квартира клиента: 8
? Домофон клиента: 876
? Комментарий клиента: 
????????????????????????????????????????????????????????????????????????????????????
Изменено строк в базе: 1. Статус заказа №108002 изменён на: packing
Изменено строк в базе: 1. Статус заказа №108002 изменён на: compiled
Изменено строк в базе: 1. Статус заказа №108002 изменён на: ship
Изменено строк в базе: 1. Статус заказа №108002 изменён на: done
167739
Текущий контекст: WEBVIEW_com.savetime
????????????????????????????????????????????????????????????????????????????????????
? Информация о клиенте: Денис
???????????????????????????????????????????????????????????????????????????
? ID клиента: 97191
? Имя клиента: Денис
? Телефон клиента: 79154994909
? Реферальный код клиента: DENIS-472
? Статус клиента: basic
? Сейвкоины клиента: 2.75
????????????????????????????????????????????????????????????????????????????????????
Текущий контекст: WEBVIEW_com.savetime
Текущий контекст: NATIVE_APP
Текущий контекст: WEBVIEW_com.savetime
Текущий контекст: WEBVIEW_com.savetime
Текущий контекст: NATIVE_APP
Текущий контекст: WEBVIEW_com.savetime
Активных заказов нет!
165279
Тестовая карта уже привязана: 5100 •••• •••• 0008
Текущий контекст: NATIVE_APP
Текущий контекст: WEBVIEW_com.savetime
????????????????????????????????????????????????????????????????????????????????????
? Информация о заказе № 108006
???????????????????????????????????????????????????????????????????????????
? ID заказа: 108006
? Статус заказа: hold
? Сумма корзины: 912.0
? Сумма доставки: 199.0
? Сумма итого: 0.0
? Сумма потраченных сейвкоинов: 0.0
? Дата создания заказа: 2019-04-12 14:10:22.0
? Дата завершения доставки: null
? Адрес магазина: улица Свободы, 34
? Адрес клиента: Вилиса Лациса ул., 42
? Подъезд клиента: 1
? Этаж клиента: 2
? Квартира клиента: 3
? Домофон клиента: 123
? Комментарий клиента: Yo, yo yo, 148-3 to the 3 to the 6 to the 9, representing the ABQ, what up biatch?!
????????????????????????????????????????????????????????????????????????????????????
Изменено строк в базе: 1. Статус заказа №108006 изменён на: packing
Текущий контекст: WEBVIEW_com.savetime
????????????????????????????????????????????????????????????????????????????????????
? Информация о клиенте: Евгения
???????????????????????????????????????????????????????????????????????????
? ID клиента: 11135
? Имя клиента: Евгения
? Телефон клиента: 79252267807
? Реферальный код клиента: EVGENIYA164
? Статус клиента: basic
? Сейвкоины клиента: 74.4
????????????????????????????????????????????????????????????????????????????????????
Текущий контекст: WEBVIEW_com.savetime
Текущий контекст: NATIVE_APP
Текущий контекст: WEBVIEW_com.savetime
Текущий контекст: WEBVIEW_com.savetime
Текущий контекст: NATIVE_APP
Текущий контекст: WEBVIEW_com.savetime
Активных заказов нет!
76062
Текущий контекст: WEBVIEW_com.savetime
????????????????????????????????????????????????????????????????????????????????????
? Информация о клиенте: Борис
???????????????????????????????????????????????????????????????????????????
? ID клиента: 63260
? Имя клиента: Борис
? Телефон клиента: 79778277303
? Реферальный код клиента: BORIS068
? Статус клиента: basic
? Сейвкоины клиента: 151.54
????????????????????????????????????????????????????????????????????????????????????
Текущий контекст: WEBVIEW_com.savetime
Текущий контекст: NATIVE_APP
Текущий контекст: WEBVIEW_com.savetime
Текущий контекст: WEBVIEW_com.savetime
Текущий контекст: NATIVE_APP
Текущий контекст: WEBVIEW_com.savetime
Активных заказов нет!
Тестовая карта уже привязана: 5100 •••• •••• 0008
Текущий контекст: NATIVE_APP
Текущий контекст: WEBVIEW_com.savetime
????????????????????????????????????????????????????????????????????????????????????
? Информация о заказе № 108009
???????????????????????????????????????????????????????????????????????????
? ID заказа: 108009
? Статус заказа: hold
? Сумма корзины: 1374.8
? Сумма доставки: 199.0
? Сумма итого: 0.0
? Сумма потраченных сейвкоинов: 0.0
? Дата создания заказа: 2019-04-12 14:13:48.0
? Дата завершения доставки: null
? Адрес магазина: Москва, Можайское шоссе 31, корп.1
? Адрес клиента: ул. Веерная, 32к2
? Подъезд клиента: 1
? Этаж клиента: 2
? Квартира клиента: 3
? Домофон клиента: 123
? Комментарий клиента: Yo, yo yo, 148-3 to the 3 to the 6 to the 9, representing the ABQ, what up biatch?!
????????????????????????????????????????????????????????????????????????????????????
Изменено строк в базе: 1. Статус заказа №108009 изменён на: packing
Изменено строк в базе: 1. Статус заказа №108009 изменён на: compiled
Текущий контекст: NATIVE_APP
Текущий контекст: WEBVIEW_com.savetime
118726
Текущий контекст: WEBVIEW_com.savetime
????????????????????????????????????????????????????????????????????????????????????
? Информация о клиенте: Ирина
???????????????????????????????????????????????????????????????????????????
? ID клиента: 19095
? Имя клиента: Ирина
? Телефон клиента: 79169878878
? Реферальный код клиента: IRINA550
? Статус клиента: basic
? Сейвкоины клиента: 551.67
????????????????????????????????????????????????????????????????????????????????????
Текущий контекст: WEBVIEW_com.savetime
Текущий контекст: NATIVE_APP
Текущий контекст: WEBVIEW_com.savetime
Текущий контекст: WEBVIEW_com.savetime
Текущий контекст: NATIVE_APP
Текущий контекст: WEBVIEW_com.savetime
Активных заказов нет!
Тестовая карта уже привязана: 5100 •••• •••• 0008
Текущий контекст: NATIVE_APP
Текущий контекст: WEBVIEW_com.savetime
????????????????????????????????????????????????????????????????????????????????????
? Информация о заказе № 108011
???????????????????????????????????????????????????????????????????????????
? ID заказа: 108011
? Статус заказа: hold
? Сумма корзины: 414.5
? Сумма доставки: 199.0
? Сумма итого: 0.0
? Сумма потраченных сейвкоинов: 0.0
? Дата создания заказа: 2019-04-12 14:16:46.0
? Дата завершения доставки: null
? Адрес магазина: Москва, Щелковское ш., 2А
? Адрес клиента: Красноярская ул., 5/36
? Подъезд клиента: 1
? Этаж клиента: 2
? Квартира клиента: 3
? Домофон клиента: 123
? Комментарий клиента: Yo, yo yo, 148-3 to the 3 to the 6 to the 9, representing the ABQ, what up biatch?!
????????????????????????????????????????????????????????????????????????????????????
Изменено строк в базе: 1. Статус заказа №108011 изменён на: packing
Изменено строк в базе: 1. Статус заказа №108011 изменён на: compiled
Изменено строк в базе: 1. Статус заказа №108011 изменён на: ship
Изменено строк в базе: 1. Статус заказа №108011 изменён на: done
Текущий контекст: NATIVE_APP
Текущий контекст: WEBVIEW_com.savetime
Текущий контекст: NATIVE_APP
Текущий контекст: WEBVIEW_com.savetime
Текущий контекст: NATIVE_APP
677297
]]></system-out>
  <system-err><![CDATA[SLF4J: Failed to load class "org.slf4j.impl.StaticLoggerBinder".
SLF4J: Defaulting to no-operation (NOP) logger implementation
SLF4J: See http://www.slf4j.org/codes.html#StaticLoggerBinder for further details.
]]></system-err>
</testsuite>
